[14:36:31] [main/INFO]: Loading Minecraft 1.19.2 with Fabric Loader 0.14.19
[14:36:31] [ForkJoinPool-1-worker-4/WARN]: Mod createaddition uses the version 20230211a which isn't compatible with Loader's extended semantic version format (Could not parse version number component '20230211a'!), SemVer is recommended for reliably evaluating dependencies and prioritizing newer version
[14:36:32] [ForkJoinPool-1-worker-3/WARN]: Mod create uses the version 0.5.0.i-1003+1.19.2 which isn't compatible with Loader's extended semantic version format (Could not parse version number component 'i'!), SemVer is recommended for reliably evaluating dependencies and prioritizing newer version
[14:36:32] [ForkJoinPool-1-worker-9/WARN]: Mod flywheel uses the version 0.6.8.a-4 which isn't compatible with Loader's extended semantic version format (Could not parse version number component 'a'!), SemVer is recommended for reliably evaluating dependencies and prioritizing newer version
[14:36:33] [main/WARN]: Warnings were found!
 - Mod 'Create: Steam 'n Rails' (railways) 1.2.4+fabric-mc1.19.2 recommends version 0.5.0.i-1000+1.19.2 of mod 'Create' (create), but only the wrong version is present: 0.5.0.i-1003+1.19.2!
	 - You should install version 0.5.0.i-1000+1.19.2 of mod 'Create' (create) for the optimal experience.
[14:36:33] [main/INFO]: Loading 111 mods:
	- architectury 6.3.49
	- create 0.5.0.i-1003+1.19.2
	   |-- com_google_code_findbugs_jsr305 3.0.2
	   |-- flywheel 0.6.8.a-4
	   |-- forgeconfigapiport 4.2.9
	   |    |-- com_electronwill_night-config_core 3.6.5
	   |    \-- com_electronwill_night-config_toml 3.6.5
	   |-- milk 1.0.51
	   |    \-- dripstone_fluid_lib 2.0.1
	   |-- porting_lib 2.1.926+1.19.2
	   |    |-- com_github_llamalad7_mixinextras 0.1.1
	   |    |-- forge_tags 3.0
	   |    |-- porting_lib_accessors 2.1.926+1.19.2
	   |    |-- porting_lib_attributes 2.1.926+1.19.2
	   |    |-- porting_lib_base 2.1.926+1.19.2
	   |    |-- porting_lib_common 2.1.926+1.19.2
	   |    |-- porting_lib_constants 2.1.926+1.19.2
	   |    |-- porting_lib_entity 2.1.926+1.19.2
	   |    |-- porting_lib_extensions 2.1.926+1.19.2
	   |    |-- porting_lib_fake_players 2.1.926+1.19.2
	   |    |-- porting_lib_lazy_registration 2.1.926+1.19.2
	   |    |-- porting_lib_loot 2.1.926+1.19.2
	   |    |-- porting_lib_model_generators 2.1.926+1.19.2
	   |    |-- porting_lib_model_loader 2.1.926+1.19.2
	   |    |-- porting_lib_models 2.1.926+1.19.2
	   |    |-- porting_lib_networking 2.1.926+1.19.2
	   |    |-- porting_lib_obj_loader 2.1.926+1.19.2
	   |    |-- porting_lib_transfer 2.1.926+1.19.2
	   |    \-- serialization_hooks 0.3.26
	   |-- reach-entity-attributes 2.3.0
	   \-- registrate-fabric 1.1.57-MC1.19.2
	- createaddition 20230211a
	   \-- team_reborn_energy 2.2.0
	- createchunkloading 1.3.0
	- createdeco 1.3.1-1.19.2
	- createoreexcavation 1.1.2
	   \-- chunk-storage-api-fabric 1.0.2
	- emi 0.7.3+1.19.2
	- fabric-api 0.76.0+1.19.2
	   |-- fabric-api-base 0.4.15+8f4e8eb390
	   |-- fabric-api-lookup-api-v1 1.6.14+93d8cb8290
	   |-- fabric-biome-api-v1 9.1.1+16f1e31390
	   |-- fabric-block-api-v1 1.0.2+e415d50e90
	   |-- fabric-blockrenderlayer-v1 1.1.25+cafc6e8e90
	   |-- fabric-client-tags-api-v1 1.0.5+b35fea8390
	   |-- fabric-command-api-v1 1.2.16+f71b366f90
	   |-- fabric-command-api-v2 2.2.1+413cbbc790
	   |-- fabric-commands-v0 0.2.33+df3654b390
	   |-- fabric-containers-v0 0.1.41+df3654b390
	   |-- fabric-content-registries-v0 3.5.2+7c6cd14d90
	   |-- fabric-convention-tags-v1 1.3.0+4bc6e26290
	   |-- fabric-crash-report-info-v1 0.2.8+aeb40ebe90
	   |-- fabric-data-generation-api-v1 5.3.8+413cbbc790
	   |-- fabric-dimensions-v1 2.1.35+0d0f210290
	   |-- fabric-entity-events-v1 1.5.4+9244241690
	   |-- fabric-events-interaction-v0 0.4.34+562bff6e90
	   |-- fabric-events-lifecycle-v0 0.2.36+df3654b390
	   |-- fabric-game-rule-api-v1 1.0.24+b6b6abb490
	   |-- fabric-item-api-v1 1.6.6+b7d1888890
	   |-- fabric-item-groups-v0 0.3.39+9244241690
	   |-- fabric-key-binding-api-v1 1.0.25+5c4fce2890
	   |-- fabric-keybindings-v0 0.2.23+df3654b390
	   |-- fabric-lifecycle-events-v1 2.2.4+1b46dc7890
	   |-- fabric-loot-api-v2 1.1.13+83a8659290
	   |-- fabric-loot-tables-v1 1.1.16+9e7660c690
	   |-- fabric-message-api-v1 5.0.7+93d8cb8290
	   |-- fabric-mining-level-api-v1 2.1.24+33fbc73890
	   |-- fabric-models-v0 0.3.21+c6af733c90
	   |-- fabric-networking-api-v1 1.2.11+10eb22f490
	   |-- fabric-networking-v0 0.3.28+df3654b390
	   |-- fabric-object-builder-api-v1 4.2.2+d8ef690890
	   |-- fabric-particles-v1 1.0.14+4d0d570390
	   |-- fabric-recipe-api-v1 1.0.1+413cbbc790
	   |-- fabric-registry-sync-v0 0.9.32+9244241690
	   |-- fabric-renderer-api-v1 1.2.1+1adbf27790
	   |-- fabric-renderer-indigo 0.8.0+1adbf27790
	   |-- fabric-renderer-registries-v1 3.2.24+df3654b390
	   |-- fabric-rendering-data-attachment-v1 0.3.19+6e0787e690
	   |-- fabric-rendering-fluids-v1 3.0.11+4d0d570390
	   |-- fabric-rendering-v0 1.1.27+df3654b390
	   |-- fabric-rendering-v1 1.12.1+d8ef690890
	   |-- fabric-resource-conditions-api-v1 2.1.2+aae9039d90
	   |-- fabric-resource-loader-v0 0.8.4+edbdcddb90
	   |-- fabric-screen-api-v1 1.0.32+4d0d570390
	   |-- fabric-screen-handler-api-v1 1.3.7+1cc24b1b90
	   |-- fabric-sound-api-v1 1.0.2+c4f28df590
	   |-- fabric-textures-v0 1.0.24+aeb40ebe90
	   |-- fabric-transfer-api-v1 2.1.6+413cbbc790
	   \-- fabric-transitive-access-wideners-v1 1.3.3+08b73de490
	- fabricloader 0.14.19
	- ftblibrary 1902.3.18-build.208
	- ftbquests 1902.4.13-build.219
	   \-- team_reborn_energy 2.2.0
	- ftbteams 1902.2.13-build.100
	- indium 1.0.9+mc1.19.2
	- iris 1.6.1
	   |-- io_github_douira_glsl-transformer 2.0.0-pre12
	   |-- org_anarres_jcpp 1.4.14
	   \-- org_antlr_antlr4-runtime 4.11.1
	- itemfilters 1902.2.9-build.46
	- java 17
	- minecraft 1.19.2
	- modmenu 4.1.2
	- railways 1.2.4+fabric-mc1.19.2
	- sodium 0.4.4+build.18
	   \-- org_joml_joml 1.10.4
	- twilightforest 4.2.357
	   |-- cardinal-components-base 5.0.1
	   |-- cardinal-components-entity 5.0.1
	   |-- here-be-no-dragons 1.0.0
	   |-- javax_annotation_javax_annotation-api 1.3.2
	   |-- mm 2.3
	   \-- reach-entity-attributes 2.3.0
[14:36:33] [main/INFO]: SpongePowered MIXIN Subsystem Version=0.8.5 Source=file:/F:/MultiMC/libraries/net/fabricmc/sponge-mixin/0.12.4+mixin.0.8.5/sponge-mixin-0.12.4+mixin.0.8.5.jar Service=Knot/Fabric Env=CLIENT
[14:36:34] [main/INFO]: Compatibility level set to JAVA_16
[14:36:34] [main/INFO]: Compatibility level set to JAVA_17
[14:36:35] [main/INFO]: Loaded configuration file for Sodium: 29 options available, 1 override(s) found
[14:36:39] [main/WARN]: Force-disabling mixin 'features.sky.MixinWorldRenderer' as rule 'mixin.features.sky' (added by mods [iris]) disables it and children
[14:36:47] [main/WARN]: Method overwrite conflict for setTranslation in flywheel.fabric.mixins.json:Matrix4fMixin from mod flywheel, previously written by io.github.fabricators_of_create.porting_lib.mixin.common.Matrix4fMixin. Skipping method.
[14:36:50] [main/INFO]: Building optimized datafixer
[14:36:58] [Render thread/INFO]: Environment: authHost='https://authserver.mojang.com', accountsHost='https://api.mojang.com', sessionHost='https://sessionserver.mojang.com', servicesHost='https://api.minecraftservices.com', name='PROD'
[14:37:00] [Render thread/INFO]: Setting user: GAN1A
[14:37:01] [Render thread/INFO]: Hello Fabric world!
[14:37:05] [Render thread/WARN]: Static binding violation: PRIVATE @Overwrite method method_23182 in sodium.mixins.json:features.item.MixinItemRenderer from mod sodium cannot reduce visibiliy of PUBLIC target method, visibility will be upgraded.
[14:37:05] [Render thread/WARN]: Static binding violation: PRIVATE @Overwrite method method_23180 in sodium.mixins.json:features.item.MixinItemRenderer from mod sodium cannot reduce visibiliy of PUBLIC target method, visibility will be upgraded.
[14:37:07] [Render thread/WARN]: Encountered duplicate API provider registration for item: minecraft:bucket
[14:37:07] [Render thread/WARN]: Encountered duplicate API provider registration for item: minecraft:glass_bottle
[14:37:07] [Render thread/WARN]: Encountered duplicate API provider registration for item: minecraft:glass_bottle
[14:37:07] [Render thread/WARN]: Encountered duplicate API provider registration for item: minecraft:bucket
[14:37:08] [Render thread/WARN]: Encountered duplicate API provider registration for item: minecraft:bucket
[14:37:09] [Render thread/WARN]: Encountered duplicate API provider registration for item: minecraft:bucket
[14:37:09] [Render thread/WARN]: Encountered duplicate API provider registration for item: minecraft:bucket
[14:37:09] [Render thread/INFO]: [STDOUT]: Create Crafts & Addition Initialized!
[14:37:12] [Render thread/INFO]: Create Ore Excavation starting
[14:37:12] [Render thread/INFO]: Registering S2C receiver with id ftblibrary:edit_nbt
[14:37:12] [Render thread/INFO]: Registering C2S receiver with id ftblibrary:edit_nbt_response
[14:37:12] [Render thread/INFO]: Registering S2C receiver with id ftblibrary:sync_known_server_registries
[14:37:12] [Render thread/INFO]: Registering S2C receiver with id ftbquests:sync_quests
[14:37:12] [Render thread/INFO]: Registering S2C receiver with id ftbquests:sync_team_data
[14:37:12] [Render thread/INFO]: Registering S2C receiver with id ftbquests:update_task_progress
[14:37:12] [Render thread/INFO]: Registering C2S receiver with id ftbquests:submit_task
[14:37:12] [Render thread/INFO]: Registering C2S receiver with id ftbquests:claim_reward
[14:37:12] [Render thread/INFO]: Registering S2C receiver with id ftbquests:claim_reward_response
[14:37:12] [Render thread/INFO]: Registering S2C receiver with id ftbquests:sync_editing_mode
[14:37:12] [Render thread/INFO]: Registering C2S receiver with id ftbquests:get_emergency_items
[14:37:12] [Render thread/INFO]: Registering S2C receiver with id ftbquests:create_other_team_data
[14:37:12] [Render thread/INFO]: Registering C2S receiver with id ftbquests:claim_all_rewards
[14:37:12] [Render thread/INFO]: Registering C2S receiver with id ftbquests:claim_choice_reward
[14:37:12] [Render thread/INFO]: Registering S2C receiver with id ftbquests:display_completion_toast
[14:37:12] [Render thread/INFO]: Registering S2C receiver with id ftbquests:display_reward_toast
[14:37:12] [Render thread/INFO]: Registering S2C receiver with id ftbquests:display_item_reward_toast
[14:37:12] [Render thread/INFO]: Registering C2S receiver with id ftbquests:toggle_pinned
[14:37:12] [Render thread/INFO]: Registering S2C receiver with id ftbquests:toggle_pinned_response
[14:37:12] [Render thread/INFO]: Registering C2S receiver with id ftbquests:toggle_chapter_pinned
[14:37:12] [Render thread/INFO]: Registering S2C receiver with id ftbquests:toggle_chapter_pinned_response
[14:37:12] [Render thread/INFO]: Registering C2S receiver with id ftbquests:toggle_editing_mode
[14:37:12] [Render thread/INFO]: Registering C2S receiver with id ftbquests:force_save
[14:37:12] [Render thread/INFO]: Registering S2C receiver with id ftbquests:update_team_data
[14:37:12] [Render thread/INFO]: Registering C2S receiver with id ftbquests:set_custom_image
[14:37:12] [Render thread/INFO]: Registering S2C receiver with id ftbquests:object_started
[14:37:12] [Render thread/INFO]: Registering S2C receiver with id ftbquests:object_completed
[14:37:12] [Render thread/INFO]: Registering S2C receiver with id ftbquests:object_started_reset
[14:37:12] [Render thread/INFO]: Registering S2C receiver with id ftbquests:object_completed_reset
[14:37:12] [Render thread/INFO]: Registering S2C receiver with id ftbquests:sync_lock
[14:37:12] [Render thread/INFO]: Registering S2C receiver with id ftbquests:reset_reward
[14:37:12] [Render thread/INFO]: Registering S2C receiver with id ftbquests:team_data_changed
[14:37:12] [Render thread/INFO]: Registering S2C receiver with id ftbquests:task_screen_config_req
[14:37:12] [Render thread/INFO]: Registering C2S receiver with id ftbquests:task_screen_config_resp
[14:37:12] [Render thread/INFO]: Registering C2S receiver with id ftbquests:change_progress
[14:37:12] [Render thread/INFO]: Registering C2S receiver with id ftbquests:create_object
[14:37:12] [Render thread/INFO]: Registering S2C receiver with id ftbquests:create_object_response
[14:37:12] [Render thread/INFO]: Registering C2S receiver with id ftbquests:create_task_at
[14:37:12] [Render thread/INFO]: Registering C2S receiver with id ftbquests:delete_object
[14:37:12] [Render thread/INFO]: Registering S2C receiver with id ftbquests:delete_object_response
[14:37:12] [Render thread/INFO]: Registering C2S receiver with id ftbquests:edit_object
[14:37:12] [Render thread/INFO]: Registering S2C receiver with id ftbquests:edit_object_response
[14:37:12] [Render thread/INFO]: Registering C2S receiver with id ftbquests:move_chapter
[14:37:12] [Render thread/INFO]: Registering S2C receiver with id ftbquests:move_chapter_response
[14:37:12] [Render thread/INFO]: Registering C2S receiver with id ftbquests:move_quest
[14:37:12] [Render thread/INFO]: Registering S2C receiver with id ftbquests:move_quest_response
[14:37:12] [Render thread/INFO]: Registering C2S receiver with id ftbquests:change_chapter_group
[14:37:12] [Render thread/INFO]: Registering S2C receiver with id ftbquests:change_chapter_group_response
[14:37:12] [Render thread/INFO]: Registering C2S receiver with id ftbquests:move_chapter_group
[14:37:12] [Render thread/INFO]: Registering S2C receiver with id ftbquests:move_chapter_group_response
[14:37:12] [Render thread/INFO]: Registering S2C receiver with id ftbquests:sync_reward_blocking
[14:37:12] [Render thread/INFO]: Registering C2S receiver with id ftbquests:copy_quest
[14:37:12] [Render thread/INFO]: Registering C2S receiver with id ftbquests:copy_chapter_image
[14:37:12] [Render thread/INFO]: Registering S2C receiver with id ftbteams:sync_teams
[14:37:12] [Render thread/INFO]: Registering S2C receiver with id ftbteams:sync_message_history
[14:37:12] [Render thread/INFO]: Registering C2S receiver with id ftbteams:open_gui
[14:37:12] [Render thread/INFO]: Registering S2C receiver with id ftbteams:open_my_team_gui
[14:37:12] [Render thread/INFO]: Registering C2S receiver with id ftbteams:update_settings
[14:37:12] [Render thread/INFO]: Registering S2C receiver with id ftbteams:update_settings_response
[14:37:12] [Render thread/INFO]: Registering C2S receiver with id ftbteams:send_message
[14:37:13] [Render thread/INFO]: Registering S2C receiver with id ftbteams:send_message_response
[14:37:13] [Render thread/INFO]: Registering S2C receiver with id ftbteams:update_presence
[14:37:13] [Render thread/INFO]: Registering C2S receiver with id ftbteams:create_party
[14:37:13] [Render thread/INFO]: Registering C2S receiver with id ftbteams:player_gui_operation
[14:37:13] [Render thread/INFO]: Registering C2S receiver with id itemfilters:main/14e7fa1454283aec8ae811ef844ada28
[14:37:13] [Render thread/INFO]: Registering S2C receiver with id itemfilters:main/14e7fa1454283aec8ae811ef844ada28
[14:37:13] [Render thread/INFO]: Registering C2S receiver with id itemfilters:main/8f6a899247753217b9d86ab427a2b279
[14:37:13] [Render thread/INFO]: Registering S2C receiver with id itemfilters:main/8f6a899247753217b9d86ab427a2b279
[14:37:13] [Render thread/INFO]: Definitely not up to no good
[14:37:17] [Render thread/INFO]: Registering S2C receiver with id architectury:spawn_entity_packet
[14:37:18] [Render thread/INFO]: [Indigo] Different rendering plugin detected; not applying Indigo.
[14:37:18] [Render thread/INFO]: Iris detected.
[14:37:19] [ForkJoinPool.commonPool-worker-1/WARN]: [Iris Update Check] Cached update file detected, using that!
[14:37:20] [Render thread/INFO]: Backend library: LWJGL version 3.3.1 SNAPSHOT
[14:37:23] [Render thread/INFO]: Debug functionality is disabled.
[14:37:23] [Render thread/INFO]: ARB_direct_state_access detected, enabling DSA.
[14:37:23] [Render thread/INFO]: Shaders are disabled because no valid shaderpack is selected
[14:37:23] [Render thread/INFO]: Shaders are disabled
[14:37:23] [Render thread/INFO]: Registered 3 provided loaders: twilightforest:patch, twilightforest:giant_block, twilightforest:castle_door
[14:37:23] [Worker-Bootstrap-10/INFO]: 4283 Datafixer optimizations took 32836 milliseconds
[14:37:23] [Render thread/INFO]: Hardware information:
[14:37:23] [Render thread/INFO]: CPU: 16x AMD Ryzen 7 2700 Eight-Core Processor 
[14:37:23] [Render thread/INFO]: GPU: NVIDIA GeForce GTX 1070/PCIe/SSE2 (Supports OpenGL 3.2.0 NVIDIA 526.98)
[14:37:23] [Render thread/INFO]: OS: Windows 11 (10.0)
[14:37:24] [Render thread/INFO]: Reloading ResourceManager: Default, Fabric Mods (Cardinal Components API (base), Cardinal Components API (entities), Chunk Storage Api Fabric, Create, Create Crafts & Additions, Create Chunkloading, Create Deco, Create Ore Excavation, Dripstone Fluid Lib, EMI, Fabric API, Fabric API Base, Fabric API Lookup API (v1), Fabric Biome API (v1), Fabric Block API (v1), Fabric BlockRenderLayer Registration (v1), Fabric Client Tags, Fabric Command API (v1), Fabric Command API (v2), Fabric Commands (v0), Fabric Containers (v0), Fabric Content Registries (v0), Fabric Convention Tags, Fabric Crash Report Info (v1), Fabric Data Generation API (v1), Fabric Dimensions API (v1), Fabric Entity Events (v1), Fabric Events Interaction (v0), Fabric Events Lifecycle (v0), Fabric Game Rule API (v1), Fabric Item API (v1), Fabric Item Groups (v0), Fabric Key Binding API (v1), Fabric Key Bindings (v0), Fabric Lifecycle Events (v1), Fabric Loot API (v2), Fabric Loot Tables (v1), Fabric Message API (v1), Fabric Mining Level API (v1), Fabric Models (v0), Fabric Networking API (v1), Fabric Networking (v0), Fabric Object Builder API (v1), Fabric Particles (v1), Fabric Recipe API (v1), Fabric Registry Sync (v0), Fabric Renderer API (v1), Fabric Renderer - Indigo, Fabric Renderer Registries (v1), Fabric Rendering Data Attachment (v1), Fabric Rendering Fluids (v1), Fabric Rendering (v0), Fabric Rendering (v1), Fabric Resource Conditions API (v1), Fabric Resource Loader (v0), Fabric Screen API (v1), Fabric Screen Handler API (v1), Fabric Sound API (v1), Fabric Textures (v0), Fabric Transfer API (v1), Fabric Transitive Access Wideners (v1), Fabric Loader, Flywheel, Porting Lib Tags, Forge Config API Port, FTB Library, FTB Quests, FTB Teams, Here be no Dragons!, Indium, Iris, Item Filters, Milk Lib, Manningham Mills, Mod Menu, Porting Lib, Porting Lib Accessors, Porting Lib Attributes, Porting Lib Base, Porting Lib Common, Porting Lib Constants, Porting Lib Entity, Porting Lib Extensions, Porting Lib Fake Players, Porting Lib Lazy Register, Porting Lib Loot, Porting Lib Model Generators, Porting Lib Model Loader, Porting Lib Models, Porting Lib Networking, Porting Lib Obj Loader, Porting Lib Transfer, Create: Steam 'n Rails, Reach Entity Attributes, Registrate for Fabric, Serialization Hooks, Sodium, Energy, The Twilight Forest)
[14:37:25] [Render thread/INFO]: Creating pipeline for dimension OVERWORLD
[14:37:31] [Worker-Main-24/WARN]: Unable to resolve texture reference: #missing in railways:block/semaphore/block_down
[14:37:31] [Worker-Main-24/WARN]: Unable to resolve texture reference: #missing in railways:block/semaphore/block_flipped
[14:37:31] [Worker-Main-24/WARN]: Unable to resolve texture reference: #missing in railways:block/semaphore/block_full_flipped_down
[14:37:31] [Worker-Main-24/WARN]: Unable to resolve texture reference: #missing in railways:block/semaphore/block_full_down
[14:37:31] [Worker-Main-24/WARN]: Unable to resolve texture reference: #missing in railways:block/track_casing/cr_o
[14:37:31] [Worker-Main-24/WARN]: Unable to resolve texture reference: #missing in railways:block/semaphore/block
[14:37:31] [Worker-Main-24/WARN]: Unable to resolve texture reference: #missing in railways:block/semaphore/block_flipped_down
[14:37:31] [Worker-Main-24/WARN]: Unable to resolve texture reference: #missing in railways:block/semaphore/block_full
[14:37:31] [Worker-Main-24/WARN]: Unable to resolve texture reference: #missing in railways:item/semaphore
[14:37:31] [Worker-Main-24/WARN]: Unable to resolve texture reference: #missing in railways:block/semaphore/block_full_flipped
[14:37:31] [Worker-Main-24/WARN]: Unable to resolve texture reference: #missing in railways:item/dev_caps/neoncitydrifter
[14:37:31] [Worker-Main-23/ERROR]: Using missing texture, file minecraft:textures/track_diag2_outlines/track_diag2_outline.xcf_left_center.png not found
[14:37:31] [Worker-Main-26/ERROR]: Using missing texture, file minecraft:textures/track_diag2_outlines/track_diag2_outline.xcf_right_top.png not found
[14:37:32] [Worker-Main-30/ERROR]: Using missing texture, file minecraft:textures/track_diag2_outlines/track_diag2_outline.xcf_center_top.png not found
[14:37:32] [Worker-Main-28/ERROR]: Using missing texture, file minecraft:textures/track_diag2_outlines/track_diag2_outline.xcf_left_bottom.png not found
[14:37:32] [Render thread/WARN]: Missing sound for event: minecraft:item.goat_horn.play
[14:37:32] [Render thread/WARN]: Missing sound for event: minecraft:entity.goat.screaming.horn_break
[14:37:32] [Render thread/INFO]: OpenAL initialized on device OpenAL Soft on SPDIF Interface (2- MX3)
[14:37:32] [Render thread/INFO]: Sound engine started
[14:37:32] [Render thread/INFO]: Created: 2048x1024x4 minecraft:textures/atlas/blocks.png-atlas
[14:37:32] [Render thread/INFO]: Created: 256x256x4 minecraft:textures/atlas/signs.png-atlas
[14:37:32] [Render thread/INFO]: Created: 512x512x4 minecraft:textures/atlas/banner_patterns.png-atlas
[14:37:32] [Render thread/INFO]: Created: 512x512x4 minecraft:textures/atlas/shield_patterns.png-atlas
[14:37:32] [Render thread/INFO]: Created: 512x512x4 minecraft:textures/atlas/chest.png-atlas
[14:37:32] [Render thread/INFO]: Created: 512x256x4 minecraft:textures/atlas/beds.png-atlas
[14:37:32] [Render thread/INFO]: Created: 512x256x4 minecraft:textures/atlas/shulker_boxes.png-atlas
[14:37:32] [Render thread/WARN]: Model "railways:block/monorail/monorail/static_blocks/diag" is using the deprecated "flip-v" field in its OBJ model instead of "flip_v". This field will be removed in 1.20.
[14:37:33] [Render thread/WARN]: Model "railways:block/monorail/monorail/static_blocks/ascending" is using the deprecated "flip-v" field in its OBJ model instead of "flip_v". This field will be removed in 1.20.
[14:37:33] [Render thread/WARN]: Model "railways:block/smokestack/block_woodburner" is using the deprecated "flip-v" field in its OBJ model instead of "flip_v". This field will be removed in 1.20.
[14:37:33] [Render thread/WARN]: Model "railways:block/monorail/monorail/static_blocks/cross_d2_xo" is using the deprecated "flip-v" field in its OBJ model instead of "flip_v". This field will be removed in 1.20.
[14:37:33] [Render thread/WARN]: Model "railways:block/monorail/monorail/static_blocks/ascending" is using the deprecated "flip-v" field in its OBJ model instead of "flip_v". This field will be removed in 1.20.
[14:37:33] [Render thread/WARN]: Model "railways:block/monorail/monorail/static_blocks/cross_d1_zo" is using the deprecated "flip-v" field in its OBJ model instead of "flip_v". This field will be removed in 1.20.
[14:37:33] [Render thread/WARN]: Model "railways:block/monorail/monorail/static_blocks/diag_2" is using the deprecated "flip-v" field in its OBJ model instead of "flip_v". This field will be removed in 1.20.
[14:37:33] [Render thread/WARN]: Model "railways:block/monorail/monorail/static_blocks/ascending" is using the deprecated "flip-v" field in its OBJ model instead of "flip_v". This field will be removed in 1.20.
[14:37:33] [Render thread/WARN]: Model "railways:block/smokestack/block_caboosestyle" is using the deprecated "flip-v" field in its OBJ model instead of "flip_v". This field will be removed in 1.20.
[14:37:33] [Render thread/WARN]: Model "railways:block/smokestack/block_caboosestyle" is using the deprecated "flip-v" field in its OBJ model instead of "flip_v". This field will be removed in 1.20.
[14:37:33] [Render thread/WARN]: Model "railways:block/monorail/monorail/static_blocks/cross_d2_zo" is using the deprecated "flip-v" field in its OBJ model instead of "flip_v". This field will be removed in 1.20.
[14:37:33] [Render thread/WARN]: Model "railways:block/monorail/monorail/static_blocks/cross_d1_xo" is using the deprecated "flip-v" field in its OBJ model instead of "flip_v". This field will be removed in 1.20.
[14:37:33] [Render thread/WARN]: Model "railways:block/monorail/monorail/static_blocks/ascending" is using the deprecated "flip-v" field in its OBJ model instead of "flip_v". This field will be removed in 1.20.
[14:37:33] [Render thread/WARN]: Model "railways:block/monorail/monorail/static_blocks/cross_diag" is using the deprecated "flip-v" field in its OBJ model instead of "flip_v". This field will be removed in 1.20.
[14:37:34] [Render thread/WARN]: Model "railways:item/dev_caps/tiestoettoet" is using the deprecated "flip-v" field in its OBJ model instead of "flip_v". This field will be removed in 1.20.
[14:37:34] [Render thread/WARN]: Model "railways:block/bogey/monorail/wheel" is using the deprecated "flip-v" field in its OBJ model instead of "flip_v". This field will be removed in 1.20.
[14:37:34] [Render thread/WARN]: Model "railways:block/bogey/monorail/frame" is using the deprecated "flip-v" field in its OBJ model instead of "flip_v". This field will be removed in 1.20.
[14:37:34] [Render thread/WARN]: Model "railways:smokestack_caboosestyle#inventory" is using the deprecated "flip-v" field in its OBJ model instead of "flip_v". This field will be removed in 1.20.
[14:37:34] [Render thread/WARN]: Model "railways:smokestack_woodburner#inventory" is using the deprecated "flip-v" field in its OBJ model instead of "flip_v". This field will be removed in 1.20.
[14:37:35] [Render thread/WARN]: Shader rendertype_entity_translucent_emissive could not find sampler named Sampler2 in the specified shader program.
[14:37:35] [Render thread/INFO]: Created: 512x256x0 minecraft:textures/atlas/particles.png-atlas
[14:37:35] [Render thread/INFO]: Created: 256x256x0 minecraft:textures/atlas/paintings.png-atlas
[14:37:35] [Render thread/INFO]: Created: 128x128x0 minecraft:textures/atlas/mob_effects.png-atlas
[14:37:35] [Render thread/INFO]: Loaded all shader sources.
[15:12:47] [Render thread/INFO]: Stopping!
[15:12:47] [Render thread/INFO]: [EMI] Disconnecting from server, EMI data cleared
